<?xml version="1.0" encoding="UTF-8"?>
<!-- Generated by org.testng.reporters.JUnitReportReporter -->
<testsuite name="com.eaton.electricalhydraulic.testscripts.TS2_OpportunitiesElectrical" tests="2" time="183.013" ignored="0" failures="0" timestamp="05 Oct 2017 12:37:10 GMT" skipped="0" hostname="PN-MCMINI-022.local" errors="0">
  <testcase name="TC000_login" time="37.512" classname="com.eaton.electricalhydraulic.testscripts.TS2_OpportunitiesElectrical"/>
  <testcase name="TC001_addNewAccount" time="145.501" classname="com.eaton.electricalhydraulic.testscripts.TS2_OpportunitiesElectrical"/>
</testsuite> <!-- com.eaton.electricalhydraulic.testscripts.TS2_OpportunitiesElectrical -->
